# JRE version: OpenJDK Runtime Environment (11.0.5+10) (build 11.0.5+10-b520.38)
# Java VM: OpenJDK 64-Bit Server VM (11.0.5+10-b520.38, mixed mode, sharing, tiered, compressed oops, g1 gc, windows-amd64)
Heap:
 garbage-first heap   total 408576K, used 122269K [0x0000000081c00000, 0x0000000100000000)
  region size 1024K, 1 young (1024K), 1 survivors (1024K)
 Metaspace       used 2160K, capacity 5080K, committed 5120K, reserved 1056768K
  class space    used 183K, capacity 478K, committed 512K, reserved 1048576K
GC Heap History (20 events):
Event: 22.546 GC heap after
{Heap after GC invocations=11 (full 0):
 garbage-first heap   total 153600K, used 122269K [0x0000000081c00000, 0x0000000100000000)
  region size 1024K, 1 young (1024K), 1 survivors (1024K)
 Metaspace       used 2136K, capacity 5080K, committed 5120K, reserved 1056768K
  class space    used 183K, capacity 478K, committed 512K, reserved 1048576K
}
Event: 22.558 GC heap before
{Heap before GC invocations=12 (full 0):
 garbage-first heap   total 153600K, used 129437K [0x0000000081c00000, 0x0000000100000000)
  region size 1024K, 8 young (8192K), 1 survivors (1024K)
 Metaspace       used 2136K, capacity 5080K, committed 5120K, reserved 1056768K
  class space    used 183K, capacity 478K, committed 512K, reserved 1048576K
}
Event: 22.559 GC heap after
{Heap after GC invocations=13 (full 0):
 garbage-first heap   total 153600K, used 122267K [0x0000000081c00000, 0x0000000100000000)
  region size 1024K, 1 young (1024K), 1 survivors (1024K)
 Metaspace       used 2136K, capacity 5080K, committed 5120K, reserved 1056768K
  class space    used 183K, capacity 478K, committed 512K, reserved 1048576K
}
Event: 22.566 GC heap before
{Heap before GC invocations=13 (full 0):
 garbage-first heap   total 153600K, used 129435K [0x0000000081c00000, 0x0000000100000000)
  region size 1024K, 8 young (8192K), 1 survivors (1024K)
 Metaspace       used 2136K, capacity 5080K, committed 5120K, reserved 1056768K
  class space    used 183K, capacity 478K, committed 512K, reserved 1048576K
}
Event: 22.567 GC heap after
{Heap after GC invocations=14 (full 0):
 garbage-first heap   total 153600K, used 122269K [0x0000000081c00000, 0x0000000100000000)
  region size 1024K, 1 young (1024K), 1 survivors (1024K)
 Metaspace       used 2136K, capacity 5080K, committed 5120K, reserved 1056768K
  class space    used 183K, capacity 478K, committed 512K, reserved 1048576K
}
Event: 22.577 GC heap before
{Heap before GC invocations=15 (full 0):
 garbage-first heap   total 153600K, used 130461K [0x0000000081c00000, 0x0000000100000000)
  region size 1024K, 9 young (9216K), 1 survivors (1024K)
 Metaspace       used 2143K, capacity 5080K, committed 5120K, reserved 1056768K
  class space    used 183K, capacity 478K, committed 512K, reserved 1048576K
}
Event: 22.578 GC heap after
{Heap after GC invocations=16 (full 0):
 garbage-first heap   total 153600K, used 122290K [0x0000000081c00000, 0x0000000100000000)
  region size 1024K, 1 young (1024K), 1 survivors (1024K)
 Metaspace       used 2143K, capacity 5080K, committed 5120K, reserved 1056768K
  class space    used 183K, capacity 478K, committed 512K, reserved 1048576K
}
Event: 22.583 GC heap before
{Heap before GC invocations=16 (full 0):
 garbage-first heap   total 153600K, used 130482K [0x0000000081c00000, 0x0000000100000000)
  region size 1024K, 9 young (9216K), 1 survivors (1024K)
 Metaspace       used 2146K, capacity 5080K, committed 5120K, reserved 1056768K
  class space    used 183K, capacity 478K, committed 512K, reserved 1048576K
}
Event: 22.583 GC heap after
{Heap after GC invocations=17 (full 0):
 garbage-first heap   total 153600K, used 122269K [0x0000000081c00000, 0x0000000100000000)
  region size 1024K, 1 young (1024K), 1 survivors (1024K)
 Metaspace       used 2146K, capacity 5080K, committed 5120K, reserved 1056768K
  class space    used 183K, capacity 478K, committed 512K, reserved 1048576K
}
Event: 22.591 GC heap before
{Heap before GC invocations=18 (full 0):
 garbage-first heap   total 153600K, used 131485K [0x0000000081c00000, 0x0000000100000000)
  region size 1024K, 10 young (10240K), 1 survivors (1024K)
 Metaspace       used 2146K, capacity 5080K, committed 5120K, reserved 1056768K
  class space    used 183K, capacity 478K, committed 512K, reserved 1048576K
}
Event: 22.591 GC heap after
{Heap after GC invocations=19 (full 0):
 garbage-first heap   total 153600K, used 122290K [0x0000000081c00000, 0x0000000100000000)
  region size 1024K, 1 young (1024K), 1 survivors (1024K)
 Metaspace       used 2146K, capacity 5080K, committed 5120K, reserved 1056768K
  class space    used 183K, capacity 478K, committed 512K, reserved 1048576K
}
Event: 22.596 GC heap before
{Heap before GC invocations=19 (full 0):
 garbage-first heap   total 153600K, used 131506K [0x0000000081c00000, 0x0000000100000000)
  region size 1024K, 10 young (10240K), 1 survivors (1024K)
 Metaspace       used 2146K, capacity 5080K, committed 5120K, reserved 1056768K
  class space    used 183K, capacity 478K, committed 512K, reserved 1048576K
}
Event: 22.599 GC heap after
{Heap after GC invocations=20 (full 0):
 garbage-first heap   total 206848K, used 122269K [0x0000000081c00000, 0x0000000100000000)
  region size 1024K, 1 young (1024K), 1 survivors (1024K)
 Metaspace       used 2146K, capacity 5080K, committed 5120K, reserved 1056768K
  class space    used 183K, capacity 478K, committed 512K, reserved 1048576K
}
Event: 22.665 GC heap before
{Heap before GC invocations=21 (full 0):
 garbage-first heap   total 206848K, used 156061K [0x0000000081c00000, 0x0000000100000000)
  region size 1024K, 34 young (34816K), 1 survivors (1024K)
 Metaspace       used 2155K, capacity 5080K, committed 5120K, reserved 1056768K
  class space    used 183K, capacity 478K, committed 512K, reserved 1048576K
}
Event: 22.666 GC heap after
{Heap after GC invocations=22 (full 0):
 garbage-first heap   total 206848K, used 122269K [0x0000000081c00000, 0x0000000100000000)
  region size 1024K, 1 young (1024K), 1 survivors (1024K)
 Metaspace       used 2155K, capacity 5080K, committed 5120K, reserved 1056768K
  class space    used 183K, capacity 478K, committed 512K, reserved 1048576K
}
Event: 22.692 GC heap before
{Heap before GC invocations=22 (full 0):
 garbage-first heap   total 206848K, used 159133K [0x0000000081c00000, 0x0000000100000000)
  region size 1024K, 37 young (37888K), 1 survivors (1024K)
 Metaspace       used 2155K, capacity 5080K, committed 5120K, reserved 1056768K
  class space    used 183K, capacity 478K, committed 512K, reserved 1048576K
}
Event: 22.693 GC heap after
{Heap after GC invocations=23 (full 0):
 garbage-first heap   total 206848K, used 122267K [0x0000000081c00000, 0x0000000100000000)
  region size 1024K, 1 young (1024K), 1 survivors (1024K)
 Metaspace       used 2155K, capacity 5080K, committed 5120K, reserved 1056768K
  class space    used 183K, capacity 478K, committed 512K, reserved 1048576K
}
Event: 22.719 GC heap before
{Heap before GC invocations=24 (full 0):
 garbage-first heap   total 206848K, used 161179K [0x0000000081c00000, 0x0000000100000000)
  region size 1024K, 39 young (39936K), 1 survivors (1024K)
 Metaspace       used 2160K, capacity 5080K, committed 5120K, reserved 1056768K
  class space    used 183K, capacity 478K, committed 512K, reserved 1048576K
}
Event: 22.720 GC heap after
{Heap after GC invocations=25 (full 0):
 garbage-first heap   total 206848K, used 122267K [0x0000000081c00000, 0x0000000100000000)
  region size 1024K, 1 young (1024K), 1 survivors (1024K)
 Metaspace       used 2160K, capacity 5080K, committed 5120K, reserved 1056768K
  class space    used 183K, capacity 478K, committed 512K, reserved 1048576K
}
Event: 22.747 GC heap before
{Heap before GC invocations=25 (full 0):
 garbage-first heap   total 206848K, used 164251K [0x0000000081c00000, 0x0000000100000000)
  region size 1024K, 42 young (43008K), 1 survivors (1024K)
 Metaspace       used 2160K, capacity 5080K, committed 5120K, reserved 1056768K
  class space    used 183K, capacity 478K, committed 512K, reserved 1048576K
}

