# JRE version: Java(TM) SE Runtime Environment (8.0_241-b07) (build 1.8.0_241-b07)
# Java VM: Java HotSpot(TM) 64-Bit Server VM (25.241-b07 mixed mode windows-amd64 compressed oops)
Heap:
 PSYoungGen      total 569344K, used 255348K [0x00000000d5f00000, 0x00000000ffb80000, 0x0000000100000000)
  eden space 461312K, 52% used [0x00000000d5f00000,0x00000000e4d938f0,0x00000000f2180000)
  from space 108032K, 10% used [0x00000000f2180000,0x00000000f2c498d0,0x00000000f8b00000)
  to   space 101888K, 0% used [0x00000000f9800000,0x00000000f9800000,0x00000000ffb80000)
 ParOldGen       total 467968K, used 316915K [0x0000000081c00000, 0x000000009e500000, 0x00000000d5f00000)
  object space 467968K, 67% used [0x0000000081c00000,0x000000009517cfe0,0x000000009e500000)
 Metaspace       used 6528K, capacity 6692K, committed 6912K, reserved 1056768K
  class space    used 677K, capacity 760K, committed 768K, reserved 1048576K
GC Heap History (10 events):
Event: 66.754 GC heap before
{Heap before GC invocations=21 (full 4):
 PSYoungGen      total 620032K, used 67059K [0x00000000d5f00000, 0x0000000100000000, 0x0000000100000000)
  eden space 552960K, 0% used [0x00000000d5f00000,0x00000000d5f00000,0x00000000f7b00000)
  from space 67072K, 99% used [0x00000000f7b00000,0x00000000fbc7cd60,0x00000000fbc80000)
  to   space 69120K, 0% used [0x00000000fbc80000,0x00000000fbc80000,0x0000000100000000)
 ParOldGen       total 357376K, used 357228K [0x0000000081c00000, 0x0000000097900000, 0x00000000d5f00000)
  object space 357376K, 99% used [0x0000000081c00000,0x00000000978db2a8,0x0000000097900000)
 Metaspace       used 6499K, capacity 6628K, committed 6656K, reserved 1056768K
  class space    used 673K, capacity 760K, committed 768K, reserved 1048576K
Event: 67.004 GC heap after
Heap after GC invocations=21 (full 4):
 PSYoungGen      total 620032K, used 0K [0x00000000d5f00000, 0x0000000100000000, 0x0000000100000000)
  eden space 552960K, 0% used [0x00000000d5f00000,0x00000000d5f00000,0x00000000f7b00000)
  from space 67072K, 0% used [0x00000000f7b00000,0x00000000f7b00000,0x00000000fbc80000)
  to   space 69120K, 0% used [0x00000000fbc80000,0x00000000fbc80000,0x0000000100000000)
 ParOldGen       total 467968K, used 316915K [0x0000000081c00000, 0x000000009e500000, 0x00000000d5f00000)
  object space 467968K, 67% used [0x0000000081c00000,0x000000009517cfe0,0x000000009e500000)
 Metaspace       used 6499K, capacity 6628K, committed 6656K, reserved 1056768K
  class space    used 673K, capacity 760K, committed 768K, reserved 1048576K
}
Event: 67.752 GC heap before
{Heap before GC invocations=22 (full 4):
 PSYoungGen      total 620032K, used 552960K [0x00000000d5f00000, 0x0000000100000000, 0x0000000100000000)
  eden space 552960K, 100% used [0x00000000d5f00000,0x00000000f7b00000,0x00000000f7b00000)
  from space 67072K, 0% used [0x00000000f7b00000,0x00000000f7b00000,0x00000000fbc80000)
  to   space 69120K, 0% used [0x00000000fbc80000,0x00000000fbc80000,0x0000000100000000)
 ParOldGen       total 467968K, used 316915K [0x0000000081c00000, 0x000000009e500000, 0x00000000d5f00000)
  object space 467968K, 67% used [0x0000000081c00000,0x000000009517cfe0,0x000000009e500000)
 Metaspace       used 6501K, capacity 6692K, committed 6912K, reserved 1056768K
  class space    used 673K, capacity 760K, committed 768K, reserved 1048576K
Event: 67.755 GC heap after
Heap after GC invocations=22 (full 4):
 PSYoungGen      total 526848K, used 96K [0x00000000d5f00000, 0x0000000100000000, 0x0000000100000000)
  eden space 457728K, 0% used [0x00000000d5f00000,0x00000000d5f00000,0x00000000f1e00000)
  from space 69120K, 0% used [0x00000000fbc80000,0x00000000fbc98000,0x0000000100000000)
  to   space 115712K, 0% used [0x00000000f1e00000,0x00000000f1e00000,0x00000000f8f00000)
 ParOldGen       total 467968K, used 316915K [0x0000000081c00000, 0x000000009e500000, 0x00000000d5f00000)
  object space 467968K, 67% used [0x0000000081c00000,0x000000009517cfe0,0x000000009e500000)
 Metaspace       used 6501K, capacity 6692K, committed 6912K, reserved 1056768K
  class space    used 673K, capacity 760K, committed 768K, reserved 1048576K
}
Event: 68.192 GC heap before
{Heap before GC invocations=23 (full 4):
 PSYoungGen      total 526848K, used 457824K [0x00000000d5f00000, 0x0000000100000000, 0x0000000100000000)
  eden space 457728K, 100% used [0x00000000d5f00000,0x00000000f1e00000,0x00000000f1e00000)
  from space 69120K, 0% used [0x00000000fbc80000,0x00000000fbc98000,0x0000000100000000)
  to   space 115712K, 0% used [0x00000000f1e00000,0x00000000f1e00000,0x00000000f8f00000)
 ParOldGen       total 467968K, used 316915K [0x0000000081c00000, 0x000000009e500000, 0x00000000d5f00000)
  object space 467968K, 67% used [0x0000000081c00000,0x000000009517cfe0,0x000000009e500000)
 Metaspace       used 6501K, capacity 6692K, committed 6912K, reserved 1056768K
  class space    used 673K, capacity 760K, committed 768K, reserved 1048576K
Event: 68.194 GC heap after
Heap after GC invocations=23 (full 4):
 PSYoungGen      total 573440K, used 64K [0x00000000d5f00000, 0x0000000100000000, 0x0000000100000000)
  eden space 457728K, 0% used [0x00000000d5f00000,0x00000000d5f00000,0x00000000f1e00000)
  from space 115712K, 0% used [0x00000000f1e00000,0x00000000f1e10000,0x00000000f8f00000)
  to   space 112128K, 0% used [0x00000000f9280000,0x00000000f9280000,0x0000000100000000)
 ParOldGen       total 467968K, used 316915K [0x0000000081c00000, 0x000000009e500000, 0x00000000d5f00000)
  object space 467968K, 67% used [0x0000000081c00000,0x000000009517cfe0,0x000000009e500000)
 Metaspace       used 6501K, capacity 6692K, committed 6912K, reserved 1056768K
  class space    used 673K, capacity 760K, committed 768K, reserved 1048576K
}
Event: 68.506 GC heap before
{Heap before GC invocations=24 (full 4):
 PSYoungGen      total 573440K, used 457792K [0x00000000d5f00000, 0x0000000100000000, 0x0000000100000000)
  eden space 457728K, 100% used [0x00000000d5f00000,0x00000000f1e00000,0x00000000f1e00000)
  from space 115712K, 0% used [0x00000000f1e00000,0x00000000f1e10000,0x00000000f8f00000)
  to   space 112128K, 0% used [0x00000000f9280000,0x00000000f9280000,0x0000000100000000)
 ParOldGen       total 467968K, used 316915K [0x0000000081c00000, 0x000000009e500000, 0x00000000d5f00000)
  object space 467968K, 67% used [0x0000000081c00000,0x000000009517cfe0,0x000000009e500000)
 Metaspace       used 6501K, capacity 6692K, committed 6912K, reserved 1056768K
  class space    used 673K, capacity 760K, committed 768K, reserved 1048576K
Event: 68.507 GC heap after
Heap after GC invocations=24 (full 4):
 PSYoungGen      total 561664K, used 96K [0x00000000d5f00000, 0x00000000ff480000, 0x0000000100000000)
  eden space 461312K, 0% used [0x00000000d5f00000,0x00000000d5f00000,0x00000000f2180000)
  from space 100352K, 0% used [0x00000000f9280000,0x00000000f9298000,0x00000000ff480000)
  to   space 108032K, 0% used [0x00000000f2180000,0x00000000f2180000,0x00000000f8b00000)
 ParOldGen       total 467968K, used 316915K [0x0000000081c00000, 0x000000009e500000, 0x00000000d5f00000)
  object space 467968K, 67% used [0x0000000081c00000,0x000000009517cfe0,0x000000009e500000)
 Metaspace       used 6501K, capacity 6692K, committed 6912K, reserved 1056768K
  class space    used 673K, capacity 760K, committed 768K, reserved 1048576K
}
Event: 75.878 GC heap before
{Heap before GC invocations=25 (full 4):
 PSYoungGen      total 561664K, used 461408K [0x00000000d5f00000, 0x00000000ff480000, 0x0000000100000000)
  eden space 461312K, 100% used [0x00000000d5f00000,0x00000000f2180000,0x00000000f2180000)
  from space 100352K, 0% used [0x00000000f9280000,0x00000000f9298000,0x00000000ff480000)
  to   space 108032K, 0% used [0x00000000f2180000,0x00000000f2180000,0x00000000f8b00000)
 ParOldGen       total 467968K, used 316915K [0x0000000081c00000, 0x000000009e500000, 0x00000000d5f00000)
  object space 467968K, 67% used [0x0000000081c00000,0x000000009517cfe0,0x000000009e500000)
 Metaspace       used 6501K, capacity 6692K, committed 6912K, reserved 1056768K
  class space    used 673K, capacity 760K, committed 768K, reserved 1048576K
Event: 75.886 GC heap after
Heap after GC invocations=25 (full 4):
 PSYoungGen      total 569344K, used 11046K [0x00000000d5f00000, 0x00000000ffb80000, 0x0000000100000000)
  eden space 461312K, 0% used [0x00000000d5f00000,0x00000000d5f00000,0x00000000f2180000)
  from space 108032K, 10% used [0x00000000f2180000,0x00000000f2c498d0,0x00000000f8b00000)
  to   space 101888K, 0% used [0x00000000f9800000,0x00000000f9800000,0x00000000ffb80000)
 ParOldGen       total 467968K, used 316915K [0x0000000081c00000, 0x000000009e500000, 0x00000000d5f00000)
  object space 467968K, 67% used [0x0000000081c00000,0x000000009517cfe0,0x000000009e500000)
 Metaspace       used 6501K, capacity 6692K, committed 6912K, reserved 1056768K
  class space    used 673K, capacity 760K, committed 768K, reserved 1048576K
}

