# JRE version: Java(TM) SE Runtime Environment (8.0_241-b07) (build 1.8.0_241-b07)
# Java VM: Java HotSpot(TM) 64-Bit Server VM (25.241-b07 mixed mode windows-amd64 compressed oops)
Heap:
 PSYoungGen      total 71680K, used 65236K [0x00000000d5f00000, 0x00000000daa00000, 0x0000000100000000)
  eden space 66560K, 93% used [0x00000000d5f00000,0x00000000d9bbaa20,0x00000000da000000)
  from space 5120K, 59% used [0x00000000da500000,0x00000000da7fa978,0x00000000daa00000)
  to   space 5120K, 0% used [0x00000000da000000,0x00000000da000000,0x00000000da500000)
 ParOldGen       total 153600K, used 142432K [0x0000000081c00000, 0x000000008b200000, 0x00000000d5f00000)
  object space 153600K, 92% used [0x0000000081c00000,0x000000008a718190,0x000000008b200000)
 Metaspace       used 13724K, capacity 13928K, committed 14336K, reserved 1062912K
  class space    used 1632K, capacity 1717K, committed 1792K, reserved 1048576K
GC Heap History (4 events):
Event: 0.809 GC heap before
{Heap before GC invocations=1 (full 0):
 PSYoungGen      total 38400K, used 20283K [0x00000000d5f00000, 0x00000000d8980000, 0x0000000100000000)
  eden space 33280K, 60% used [0x00000000d5f00000,0x00000000d72cef08,0x00000000d7f80000)
  from space 5120K, 0% used [0x00000000d8480000,0x00000000d8480000,0x00000000d8980000)
  to   space 5120K, 0% used [0x00000000d7f80000,0x00000000d7f80000,0x00000000d8480000)
 ParOldGen       total 87552K, used 0K [0x0000000081c00000, 0x0000000087180000, 0x00000000d5f00000)
  object space 87552K, 0% used [0x0000000081c00000,0x0000000081c00000,0x0000000087180000)
 Metaspace       used 3950K, capacity 4704K, committed 4864K, reserved 1056768K
  class space    used 438K, capacity 464K, committed 512K, reserved 1048576K
Event: 0.870 GC heap after
Heap after GC invocations=1 (full 0):
 PSYoungGen      total 38400K, used 856K [0x00000000d5f00000, 0x00000000daa00000, 0x0000000100000000)
  eden space 33280K, 0% used [0x00000000d5f00000,0x00000000d5f00000,0x00000000d7f80000)
  from space 5120K, 16% used [0x00000000d7f80000,0x00000000d8056010,0x00000000d8480000)
  to   space 5120K, 0% used [0x00000000da500000,0x00000000da500000,0x00000000daa00000)
 ParOldGen       total 87552K, used 8192K [0x0000000081c00000, 0x0000000087180000, 0x00000000d5f00000)
  object space 87552K, 9% used [0x0000000081c00000,0x0000000082400010,0x0000000087180000)
 Metaspace       used 3950K, capacity 4704K, committed 4864K, reserved 1056768K
  class space    used 438K, capacity 464K, committed 512K, reserved 1048576K
}
Event: 7.379 GC heap before
{Heap before GC invocations=2 (full 0):
 PSYoungGen      total 38400K, used 32288K [0x00000000d5f00000, 0x00000000daa00000, 0x0000000100000000)
  eden space 33280K, 94% used [0x00000000d5f00000,0x00000000d7db20d0,0x00000000d7f80000)
  from space 5120K, 16% used [0x00000000d7f80000,0x00000000d8056010,0x00000000d8480000)
  to   space 5120K, 0% used [0x00000000da500000,0x00000000da500000,0x00000000daa00000)
 ParOldGen       total 153600K, used 142424K [0x0000000081c00000, 0x000000008b200000, 0x00000000d5f00000)
  object space 153600K, 92% used [0x0000000081c00000,0x000000008a716190,0x000000008b200000)
 Metaspace       used 8423K, capacity 8588K, committed 8832K, reserved 1056768K
  class space    used 974K, capacity 1033K, committed 1152K, reserved 1048576K
Event: 7.384 GC heap after
Heap after GC invocations=2 (full 0):
 PSYoungGen      total 71680K, used 3050K [0x00000000d5f00000, 0x00000000daa00000, 0x0000000100000000)
  eden space 66560K, 0% used [0x00000000d5f00000,0x00000000d5f00000,0x00000000da000000)
  from space 5120K, 59% used [0x00000000da500000,0x00000000da7fa978,0x00000000daa00000)
  to   space 5120K, 0% used [0x00000000da000000,0x00000000da000000,0x00000000da500000)
 ParOldGen       total 153600K, used 142432K [0x0000000081c00000, 0x000000008b200000, 0x00000000d5f00000)
  object space 153600K, 92% used [0x0000000081c00000,0x000000008a718190,0x000000008b200000)
 Metaspace       used 8423K, capacity 8588K, committed 8832K, reserved 1056768K
  class space    used 974K, capacity 1033K, committed 1152K, reserved 1048576K
}

