# JRE version: Java(TM) SE Runtime Environment (8.0_241-b07) (build 1.8.0_241-b07)
# Java VM: Java HotSpot(TM) 64-Bit Server VM (25.241-b07 mixed mode windows-amd64 compressed oops)
Heap:
 PSYoungGen      total 543744K, used 372021K [0x00000000d5f00000, 0x00000000ff300000, 0x0000000100000000)
  eden space 424960K, 87% used [0x00000000d5f00000,0x00000000eca357a8,0x00000000efe00000)
  from space 118784K, 0% used [0x00000000f7f00000,0x00000000f7f18000,0x00000000ff300000)
  to   space 125440K, 0% used [0x00000000efe00000,0x00000000efe00000,0x00000000f7880000)
 ParOldGen       total 446976K, used 311872K [0x0000000081c00000, 0x000000009d080000, 0x00000000d5f00000)
  object space 446976K, 69% used [0x0000000081c00000,0x0000000094c90318,0x000000009d080000)
 Metaspace       used 6519K, capacity 6676K, committed 6912K, reserved 1056768K
  class space    used 675K, capacity 760K, committed 768K, reserved 1048576K
GC Heap History (10 events):
Event: 88.073 GC heap before
{Heap before GC invocations=23 (full 5):
 PSYoungGen      total 505344K, used 96750K [0x00000000d5f00000, 0x0000000100000000, 0x0000000100000000)
  eden space 408576K, 0% used [0x00000000d5f00000,0x00000000d5f00000,0x00000000eee00000)
  from space 96768K, 99% used [0x00000000fa180000,0x00000000ffffbac0,0x0000000100000000)
  to   space 140288K, 0% used [0x00000000eee00000,0x00000000eee00000,0x00000000f7700000)
 ParOldGen       total 334336K, used 299719K [0x0000000081c00000, 0x0000000096280000, 0x00000000d5f00000)
  object space 334336K, 89% used [0x0000000081c00000,0x00000000940b1fd8,0x0000000096280000)
 Metaspace       used 6519K, capacity 6676K, committed 6912K, reserved 1056768K
  class space    used 675K, capacity 760K, committed 768K, reserved 1048576K
Event: 88.114 GC heap after
Heap after GC invocations=23 (full 5):
 PSYoungGen      total 505344K, used 0K [0x00000000d5f00000, 0x0000000100000000, 0x0000000100000000)
  eden space 408576K, 0% used [0x00000000d5f00000,0x00000000d5f00000,0x00000000eee00000)
  from space 96768K, 0% used [0x00000000fa180000,0x00000000fa180000,0x0000000100000000)
  to   space 140288K, 0% used [0x00000000eee00000,0x00000000eee00000,0x00000000f7700000)
 ParOldGen       total 446976K, used 311872K [0x0000000081c00000, 0x000000009d080000, 0x00000000d5f00000)
  object space 446976K, 69% used [0x0000000081c00000,0x0000000094c90318,0x000000009d080000)
 Metaspace       used 6519K, capacity 6676K, committed 6912K, reserved 1056768K
  class space    used 675K, capacity 760K, committed 768K, reserved 1048576K
}
Event: 88.364 GC heap before
{Heap before GC invocations=24 (full 5):
 PSYoungGen      total 505344K, used 408576K [0x00000000d5f00000, 0x0000000100000000, 0x0000000100000000)
  eden space 408576K, 100% used [0x00000000d5f00000,0x00000000eee00000,0x00000000eee00000)
  from space 96768K, 0% used [0x00000000fa180000,0x00000000fa180000,0x0000000100000000)
  to   space 140288K, 0% used [0x00000000eee00000,0x00000000eee00000,0x00000000f7700000)
 ParOldGen       total 446976K, used 311872K [0x0000000081c00000, 0x000000009d080000, 0x00000000d5f00000)
  object space 446976K, 69% used [0x0000000081c00000,0x0000000094c90318,0x000000009d080000)
 Metaspace       used 6519K, capacity 6676K, committed 6912K, reserved 1056768K
  class space    used 675K, capacity 760K, committed 768K, reserved 1048576K
Event: 88.365 GC heap after
Heap after GC invocations=24 (full 5):
 PSYoungGen      total 548864K, used 64K [0x00000000d5f00000, 0x0000000100000000, 0x0000000100000000)
  eden space 408576K, 0% used [0x00000000d5f00000,0x00000000d5f00000,0x00000000eee00000)
  from space 140288K, 0% used [0x00000000eee00000,0x00000000eee10000,0x00000000f7700000)
  to   space 137728K, 0% used [0x00000000f7980000,0x00000000f7980000,0x0000000100000000)
 ParOldGen       total 446976K, used 311872K [0x0000000081c00000, 0x000000009d080000, 0x00000000d5f00000)
  object space 446976K, 69% used [0x0000000081c00000,0x0000000094c90318,0x000000009d080000)
 Metaspace       used 6519K, capacity 6676K, committed 6912K, reserved 1056768K
  class space    used 675K, capacity 760K, committed 768K, reserved 1048576K
}
Event: 88.529 GC heap before
{Heap before GC invocations=25 (full 5):
 PSYoungGen      total 548864K, used 408640K [0x00000000d5f00000, 0x0000000100000000, 0x0000000100000000)
  eden space 408576K, 100% used [0x00000000d5f00000,0x00000000eee00000,0x00000000eee00000)
  from space 140288K, 0% used [0x00000000eee00000,0x00000000eee10000,0x00000000f7700000)
  to   space 137728K, 0% used [0x00000000f7980000,0x00000000f7980000,0x0000000100000000)
 ParOldGen       total 446976K, used 311872K [0x0000000081c00000, 0x000000009d080000, 0x00000000d5f00000)
  object space 446976K, 69% used [0x0000000081c00000,0x0000000094c90318,0x000000009d080000)
 Metaspace       used 6519K, capacity 6676K, committed 6912K, reserved 1056768K
  class space    used 675K, capacity 760K, committed 768K, reserved 1048576K
Event: 88.531 GC heap after
Heap after GC invocations=25 (full 5):
 PSYoungGen      total 539136K, used 96K [0x00000000d5f00000, 0x00000000ff680000, 0x0000000100000000)
  eden space 411136K, 0% used [0x00000000d5f00000,0x00000000d5f00000,0x00000000ef080000)
  from space 128000K, 0% used [0x00000000f7980000,0x00000000f7998000,0x00000000ff680000)
  to   space 134144K, 0% used [0x00000000ef080000,0x00000000ef080000,0x00000000f7380000)
 ParOldGen       total 446976K, used 311872K [0x0000000081c00000, 0x000000009d080000, 0x00000000d5f00000)
  object space 446976K, 69% used [0x0000000081c00000,0x0000000094c90318,0x000000009d080000)
 Metaspace       used 6519K, capacity 6676K, committed 6912K, reserved 1056768K
  class space    used 675K, capacity 760K, committed 768K, reserved 1048576K
}
Event: 88.698 GC heap before
{Heap before GC invocations=26 (full 5):
 PSYoungGen      total 539136K, used 411232K [0x00000000d5f00000, 0x00000000ff680000, 0x0000000100000000)
  eden space 411136K, 100% used [0x00000000d5f00000,0x00000000ef080000,0x00000000ef080000)
  from space 128000K, 0% used [0x00000000f7980000,0x00000000f7998000,0x00000000ff680000)
  to   space 134144K, 0% used [0x00000000ef080000,0x00000000ef080000,0x00000000f7380000)
 ParOldGen       total 446976K, used 311872K [0x0000000081c00000, 0x000000009d080000, 0x00000000d5f00000)
  object space 446976K, 69% used [0x0000000081c00000,0x0000000094c90318,0x000000009d080000)
 Metaspace       used 6519K, capacity 6676K, committed 6912K, reserved 1056768K
  class space    used 675K, capacity 760K, committed 768K, reserved 1048576K
Event: 88.699 GC heap after
Heap after GC invocations=26 (full 5):
 PSYoungGen      total 545280K, used 64K [0x00000000d5f00000, 0x00000000ffe00000, 0x0000000100000000)
  eden space 411136K, 0% used [0x00000000d5f00000,0x00000000d5f00000,0x00000000ef080000)
  from space 134144K, 0% used [0x00000000ef080000,0x00000000ef090000,0x00000000f7380000)
  to   space 130048K, 0% used [0x00000000f7f00000,0x00000000f7f00000,0x00000000ffe00000)
 ParOldGen       total 446976K, used 311872K [0x0000000081c00000, 0x000000009d080000, 0x00000000d5f00000)
  object space 446976K, 69% used [0x0000000081c00000,0x0000000094c90318,0x000000009d080000)
 Metaspace       used 6519K, capacity 6676K, committed 6912K, reserved 1056768K
  class space    used 675K, capacity 760K, committed 768K, reserved 1048576K
}
Event: 88.861 GC heap before
{Heap before GC invocations=27 (full 5):
 PSYoungGen      total 545280K, used 411200K [0x00000000d5f00000, 0x00000000ffe00000, 0x0000000100000000)
  eden space 411136K, 100% used [0x00000000d5f00000,0x00000000ef080000,0x00000000ef080000)
  from space 134144K, 0% used [0x00000000ef080000,0x00000000ef090000,0x00000000f7380000)
  to   space 130048K, 0% used [0x00000000f7f00000,0x00000000f7f00000,0x00000000ffe00000)
 ParOldGen       total 446976K, used 311872K [0x0000000081c00000, 0x000000009d080000, 0x00000000d5f00000)
  object space 446976K, 69% used [0x0000000081c00000,0x0000000094c90318,0x000000009d080000)
 Metaspace       used 6519K, capacity 6676K, committed 6912K, reserved 1056768K
  class space    used 675K, capacity 760K, committed 768K, reserved 1048576K
Event: 88.862 GC heap after
Heap after GC invocations=27 (full 5):
 PSYoungGen      total 543744K, used 96K [0x00000000d5f00000, 0x00000000ff300000, 0x0000000100000000)
  eden space 424960K, 0% used [0x00000000d5f00000,0x00000000d5f00000,0x00000000efe00000)
  from space 118784K, 0% used [0x00000000f7f00000,0x00000000f7f18000,0x00000000ff300000)
  to   space 125440K, 0% used [0x00000000efe00000,0x00000000efe00000,0x00000000f7880000)
 ParOldGen       total 446976K, used 311872K [0x0000000081c00000, 0x000000009d080000, 0x00000000d5f00000)
  object space 446976K, 69% used [0x0000000081c00000,0x0000000094c90318,0x000000009d080000)
 Metaspace       used 6519K, capacity 6676K, committed 6912K, reserved 1056768K
  class space    used 675K, capacity 760K, committed 768K, reserved 1048576K
}

