# JRE version: OpenJDK Runtime Environment (11.0.5+10) (build 11.0.5+10-b520.38)
# Java VM: OpenJDK 64-Bit Server VM (11.0.5+10-b520.38, mixed mode, sharing, tiered, compressed oops, g1 gc, windows-amd64)
Heap:
 garbage-first heap   total 199680K, used 149457K [0x0000000081c00000, 0x0000000100000000)
  region size 1024K, 93 young (95232K), 11 survivors (11264K)
 Metaspace       used 12717K, capacity 13376K, committed 13568K, reserved 1060864K
  class space    used 1458K, capacity 1750K, committed 1792K, reserved 1048576K
GC Heap History (9 events):
Event: 0.352 GC heap before
{Heap before GC invocations=0 (full 0):
 garbage-first heap   total 131072K, used 41984K [0x0000000081c00000, 0x0000000100000000)
  region size 1024K, 5 young (5120K), 0 survivors (0K)
 Metaspace       used 1436K, capacity 4751K, committed 4864K, reserved 1056768K
  class space    used 136K, capacity 458K, committed 512K, reserved 1048576K
}
Event: 0.355 GC heap after
{Heap after GC invocations=1 (full 0):
 garbage-first heap   total 131072K, used 18655K [0x0000000081c00000, 0x0000000100000000)
  region size 1024K, 2 young (2048K), 2 survivors (2048K)
 Metaspace       used 1436K, capacity 4751K, committed 4864K, reserved 1056768K
  class space    used 136K, capacity 458K, committed 512K, reserved 1048576K
}
Event: 0.395 GC heap before
{Heap before GC invocations=2 (full 0):
 garbage-first heap   total 131072K, used 52447K [0x0000000081c00000, 0x0000000100000000)
  region size 1024K, 2 young (2048K), 2 survivors (2048K)
 Metaspace       used 1437K, capacity 4751K, committed 4864K, reserved 1056768K
  class space    used 136K, capacity 458K, committed 512K, reserved 1048576K
}
Event: 0.397 GC heap after
{Heap after GC invocations=3 (full 0):
 garbage-first heap   total 131072K, used 35102K [0x0000000081c00000, 0x0000000100000000)
  region size 1024K, 2 young (2048K), 2 survivors (2048K)
 Metaspace       used 1437K, capacity 4751K, committed 4864K, reserved 1056768K
  class space    used 136K, capacity 458K, committed 512K, reserved 1048576K
}
Event: 0.460 GC heap before
{Heap before GC invocations=4 (full 0):
 garbage-first heap   total 197632K, used 101662K [0x0000000081c00000, 0x0000000100000000)
  region size 1024K, 3 young (3072K), 2 survivors (2048K)
 Metaspace       used 1437K, capacity 4751K, committed 4864K, reserved 1056768K
  class space    used 136K, capacity 458K, committed 512K, reserved 1048576K
}
Event: 0.463 GC heap after
{Heap after GC invocations=5 (full 0):
 garbage-first heap   total 197632K, used 67930K [0x0000000081c00000, 0x0000000100000000)
  region size 1024K, 2 young (2048K), 2 survivors (2048K)
 Metaspace       used 1437K, capacity 4751K, committed 4864K, reserved 1056768K
  class space    used 136K, capacity 458K, committed 512K, reserved 1048576K
}
Event: 7.697 GC heap before
{Heap before GC invocations=6 (full 0):
 garbage-first heap   total 197632K, used 111962K [0x0000000081c00000, 0x0000000100000000)
  region size 1024K, 10 young (10240K), 2 survivors (2048K)
 Metaspace       used 5994K, capacity 6334K, committed 6528K, reserved 1056768K
  class space    used 681K, capacity 851K, committed 896K, reserved 1048576K
}
Event: 7.703 GC heap after
{Heap after GC invocations=7 (full 0):
 garbage-first heap   total 197632K, used 3040K [0x0000000081c00000, 0x0000000100000000)
  region size 1024K, 3 young (3072K), 3 survivors (3072K)
 Metaspace       used 5994K, capacity 6334K, committed 6528K, reserved 1056768K
  class space    used 681K, capacity 851K, committed 896K, reserved 1048576K
}
Event: 78.923 GC heap before
{Heap before GC invocations=8 (full 0):
 garbage-first heap   total 197632K, used 148448K [0x0000000081c00000, 0x0000000100000000)
  region size 1024K, 85 young (87040K), 3 survivors (3072K)
 Metaspace       used 12717K, capacity 13376K, committed 13568K, reserved 1060864K
  class space    used 1458K, capacity 1750K, committed 1792K, reserved 1048576K
}

