# JRE version: Java(TM) SE Runtime Environment (8.0_241-b07) (build 1.8.0_241-b07)
# Java VM: Java HotSpot(TM) 64-Bit Server VM (25.241-b07 mixed mode windows-amd64 compressed oops)
Heap:
 PSYoungGen      total 580608K, used 297066K [0x00000000d5f00000, 0x0000000100000000, 0x0000000100000000)
  eden space 544256K, 54% used [0x00000000d5f00000,0x00000000e811aa30,0x00000000f7280000)
  from space 36352K, 0% used [0x00000000f7280000,0x00000000f7280000,0x00000000f9600000)
  to   space 62976K, 0% used [0x00000000fc280000,0x00000000fc280000,0x0000000100000000)
 ParOldGen       total 343040K, used 233146K [0x0000000081c00000, 0x0000000096b00000, 0x00000000d5f00000)
  object space 343040K, 67% used [0x0000000081c00000,0x000000008ffaea28,0x0000000096b00000)
 Metaspace       used 6490K, capacity 6628K, committed 6656K, reserved 1056768K
  class space    used 673K, capacity 760K, committed 768K, reserved 1048576K
GC Heap History (10 events):
Event: 43.485 GC heap before
{Heap before GC invocations=14 (full 2):
 PSYoungGen      total 345088K, used 320032K [0x00000000d5f00000, 0x00000000f3e00000, 0x0000000100000000)
  eden space 320000K, 100% used [0x00000000d5f00000,0x00000000e9780000,0x00000000e9780000)
  from space 25088K, 0% used [0x00000000e9780000,0x00000000e9788000,0x00000000eb000000)
  to   space 24064K, 0% used [0x00000000f2680000,0x00000000f2680000,0x00000000f3e00000)
 ParOldGen       total 241152K, used 145010K [0x0000000081c00000, 0x0000000090780000, 0x00000000d5f00000)
  object space 241152K, 60% used [0x0000000081c00000,0x000000008a99caf8,0x0000000090780000)
 Metaspace       used 5771K, capacity 5952K, committed 6144K, reserved 1056768K
  class space    used 640K, capacity 728K, committed 768K, reserved 1048576K
Event: 43.486 GC heap after
Heap after GC invocations=14 (full 2):
 PSYoungGen      total 438784K, used 32K [0x00000000d5f00000, 0x00000000f2f80000, 0x0000000100000000)
  eden space 429568K, 0% used [0x00000000d5f00000,0x00000000d5f00000,0x00000000f0280000)
  from space 9216K, 0% used [0x00000000f2680000,0x00000000f2688000,0x00000000f2f80000)
  to   space 23040K, 0% used [0x00000000f0280000,0x00000000f0280000,0x00000000f1900000)
 ParOldGen       total 241152K, used 145018K [0x0000000081c00000, 0x0000000090780000, 0x00000000d5f00000)
  object space 241152K, 60% used [0x0000000081c00000,0x000000008a99eaf8,0x0000000090780000)
 Metaspace       used 5771K, capacity 5952K, committed 6144K, reserved 1056768K
  class space    used 640K, capacity 728K, committed 768K, reserved 1048576K
}
Event: 43.954 GC heap before
{Heap before GC invocations=15 (full 2):
 PSYoungGen      total 438784K, used 429600K [0x00000000d5f00000, 0x00000000f2f80000, 0x0000000100000000)
  eden space 429568K, 100% used [0x00000000d5f00000,0x00000000f0280000,0x00000000f0280000)
  from space 9216K, 0% used [0x00000000f2680000,0x00000000f2688000,0x00000000f2f80000)
  to   space 23040K, 0% used [0x00000000f0280000,0x00000000f0280000,0x00000000f1900000)
 ParOldGen       total 241152K, used 145018K [0x0000000081c00000, 0x0000000090780000, 0x00000000d5f00000)
  object space 241152K, 60% used [0x0000000081c00000,0x000000008a99eaf8,0x0000000090780000)
 Metaspace       used 5771K, capacity 5952K, committed 6144K, reserved 1056768K
  class space    used 640K, capacity 728K, committed 768K, reserved 1048576K
Event: 43.956 GC heap after
Heap after GC invocations=15 (full 2):
 PSYoungGen      total 452608K, used 64K [0x00000000d5f00000, 0x00000000fab80000, 0x0000000100000000)
  eden space 429568K, 0% used [0x00000000d5f00000,0x00000000d5f00000,0x00000000f0280000)
  from space 23040K, 0% used [0x00000000f0280000,0x00000000f0290000,0x00000000f1900000)
  to   space 21504K, 0% used [0x00000000f9680000,0x00000000f9680000,0x00000000fab80000)
 ParOldGen       total 241152K, used 145026K [0x0000000081c00000, 0x0000000090780000, 0x00000000d5f00000)
  object space 241152K, 60% used [0x0000000081c00000,0x000000008a9a0af8,0x0000000090780000)
 Metaspace       used 5771K, capacity 5952K, committed 6144K, reserved 1056768K
  class space    used 640K, capacity 728K, committed 768K, reserved 1048576K
}
Event: 56.430 GC heap before
{Heap before GC invocations=16 (full 2):
 PSYoungGen      total 452608K, used 429632K [0x00000000d5f00000, 0x00000000fab80000, 0x0000000100000000)
  eden space 429568K, 100% used [0x00000000d5f00000,0x00000000f0280000,0x00000000f0280000)
  from space 23040K, 0% used [0x00000000f0280000,0x00000000f0290000,0x00000000f1900000)
  to   space 21504K, 0% used [0x00000000f9680000,0x00000000f9680000,0x00000000fab80000)
 ParOldGen       total 241152K, used 145026K [0x0000000081c00000, 0x0000000090780000, 0x00000000d5f00000)
  object space 241152K, 60% used [0x0000000081c00000,0x000000008a9a0af8,0x0000000090780000)
 Metaspace       used 6438K, capacity 6628K, committed 6656K, reserved 1056768K
  class space    used 673K, capacity 760K, committed 768K, reserved 1048576K
Event: 56.521 GC heap after
Heap after GC invocations=16 (full 2):
 PSYoungGen      total 565760K, used 21493K [0x00000000d5f00000, 0x00000000fb980000, 0x0000000100000000)
  eden space 544256K, 0% used [0x00000000d5f00000,0x00000000d5f00000,0x00000000f7280000)
  from space 21504K, 99% used [0x00000000f9680000,0x00000000fab7d4f8,0x00000000fab80000)
  to   space 36352K, 0% used [0x00000000f7280000,0x00000000f7280000,0x00000000f9600000)
 ParOldGen       total 241152K, used 171043K [0x0000000081c00000, 0x0000000090780000, 0x00000000d5f00000)
  object space 241152K, 70% used [0x0000000081c00000,0x000000008c308f80,0x0000000090780000)
 Metaspace       used 6438K, capacity 6628K, committed 6656K, reserved 1056768K
  class space    used 673K, capacity 760K, committed 768K, reserved 1048576K
}
Event: 68.077 GC heap before
{Heap before GC invocations=17 (full 2):
 PSYoungGen      total 565760K, used 565749K [0x00000000d5f00000, 0x00000000fb980000, 0x0000000100000000)
  eden space 544256K, 100% used [0x00000000d5f00000,0x00000000f7280000,0x00000000f7280000)
  from space 21504K, 99% used [0x00000000f9680000,0x00000000fab7d4f8,0x00000000fab80000)
  to   space 36352K, 0% used [0x00000000f7280000,0x00000000f7280000,0x00000000f9600000)
 ParOldGen       total 241152K, used 171043K [0x0000000081c00000, 0x0000000090780000, 0x00000000d5f00000)
  object space 241152K, 70% used [0x0000000081c00000,0x000000008c308f80,0x0000000090780000)
 Metaspace       used 6474K, capacity 6628K, committed 6656K, reserved 1056768K
  class space    used 673K, capacity 760K, committed 768K, reserved 1048576K
Event: 68.164 GC heap after
Heap after GC invocations=17 (full 2):
 PSYoungGen      total 580608K, used 36320K [0x00000000d5f00000, 0x0000000100000000, 0x0000000100000000)
  eden space 544256K, 0% used [0x00000000d5f00000,0x00000000d5f00000,0x00000000f7280000)
  from space 36352K, 99% used [0x00000000f7280000,0x00000000f95f81d0,0x00000000f9600000)
  to   space 62976K, 0% used [0x00000000fc280000,0x00000000fc280000,0x0000000100000000)
 ParOldGen       total 241152K, used 223405K [0x0000000081c00000, 0x0000000090780000, 0x00000000d5f00000)
  object space 241152K, 92% used [0x0000000081c00000,0x000000008f62b788,0x0000000090780000)
 Metaspace       used 6474K, capacity 6628K, committed 6656K, reserved 1056768K
  class space    used 673K, capacity 760K, committed 768K, reserved 1048576K
}
Event: 68.165 GC heap before
{Heap before GC invocations=18 (full 3):
 PSYoungGen      total 580608K, used 36320K [0x00000000d5f00000, 0x0000000100000000, 0x0000000100000000)
  eden space 544256K, 0% used [0x00000000d5f00000,0x00000000d5f00000,0x00000000f7280000)
  from space 36352K, 99% used [0x00000000f7280000,0x00000000f95f81d0,0x00000000f9600000)
  to   space 62976K, 0% used [0x00000000fc280000,0x00000000fc280000,0x0000000100000000)
 ParOldGen       total 241152K, used 223405K [0x0000000081c00000, 0x0000000090780000, 0x00000000d5f00000)
  object space 241152K, 92% used [0x0000000081c00000,0x000000008f62b788,0x0000000090780000)
 Metaspace       used 6474K, capacity 6628K, committed 6656K, reserved 1056768K
  class space    used 673K, capacity 760K, committed 768K, reserved 1048576K
Event: 68.606 GC heap after
Heap after GC invocations=18 (full 3):
 PSYoungGen      total 580608K, used 0K [0x00000000d5f00000, 0x0000000100000000, 0x0000000100000000)
  eden space 544256K, 0% used [0x00000000d5f00000,0x00000000d5f00000,0x00000000f7280000)
  from space 36352K, 0% used [0x00000000f7280000,0x00000000f7280000,0x00000000f9600000)
  to   space 62976K, 0% used [0x00000000fc280000,0x00000000fc280000,0x0000000100000000)
 ParOldGen       total 343040K, used 233146K [0x0000000081c00000, 0x0000000096b00000, 0x00000000d5f00000)
  object space 343040K, 67% used [0x0000000081c00000,0x000000008ffaea28,0x0000000096b00000)
 Metaspace       used 6474K, capacity 6628K, committed 6656K, reserved 1056768K
  class space    used 673K, capacity 760K, committed 768K, reserved 1048576K
}

