# JRE version: OpenJDK Runtime Environment (11.0.5+10) (build 11.0.5+10-b520.38)
# Java VM: OpenJDK 64-Bit Server VM (11.0.5+10-b520.38, mixed mode, sharing, tiered, compressed oops, g1 gc, windows-amd64)
Heap:
 garbage-first heap   total 277504K, used 122372K [0x0000000081c00000, 0x0000000100000000)
  region size 1024K, 1 young (1024K), 1 survivors (1024K)
 Metaspace       used 2163K, capacity 5080K, committed 5120K, reserved 1056768K
  class space    used 183K, capacity 478K, committed 512K, reserved 1048576K
GC Heap History (20 events):
Event: 21.534 GC heap after
{Heap after GC invocations=11 (full 0):
 garbage-first heap   total 153600K, used 122353K [0x0000000081c00000, 0x0000000100000000)
  region size 1024K, 1 young (1024K), 1 survivors (1024K)
 Metaspace       used 2139K, capacity 5080K, committed 5120K, reserved 1056768K
  class space    used 183K, capacity 478K, committed 512K, reserved 1048576K
}
Event: 21.547 GC heap before
{Heap before GC invocations=12 (full 0):
 garbage-first heap   total 153600K, used 129521K [0x0000000081c00000, 0x0000000100000000)
  region size 1024K, 8 young (8192K), 1 survivors (1024K)
 Metaspace       used 2139K, capacity 5080K, committed 5120K, reserved 1056768K
  class space    used 183K, capacity 478K, committed 512K, reserved 1048576K
}
Event: 21.547 GC heap after
{Heap after GC invocations=13 (full 0):
 garbage-first heap   total 153600K, used 122374K [0x0000000081c00000, 0x0000000100000000)
  region size 1024K, 1 young (1024K), 1 survivors (1024K)
 Metaspace       used 2139K, capacity 5080K, committed 5120K, reserved 1056768K
  class space    used 183K, capacity 478K, committed 512K, reserved 1048576K
}
Event: 21.561 GC heap before
{Heap before GC invocations=13 (full 0):
 garbage-first heap   total 153600K, used 129542K [0x0000000081c00000, 0x0000000100000000)
  region size 1024K, 8 young (8192K), 1 survivors (1024K)
 Metaspace       used 2139K, capacity 5080K, committed 5120K, reserved 1056768K
  class space    used 183K, capacity 478K, committed 512K, reserved 1048576K
}
Event: 21.561 GC heap after
{Heap after GC invocations=14 (full 0):
 garbage-first heap   total 153600K, used 122353K [0x0000000081c00000, 0x0000000100000000)
  region size 1024K, 1 young (1024K), 1 survivors (1024K)
 Metaspace       used 2139K, capacity 5080K, committed 5120K, reserved 1056768K
  class space    used 183K, capacity 478K, committed 512K, reserved 1048576K
}
Event: 21.569 GC heap before
{Heap before GC invocations=15 (full 0):
 garbage-first heap   total 153600K, used 130545K [0x0000000081c00000, 0x0000000100000000)
  region size 1024K, 9 young (9216K), 1 survivors (1024K)
 Metaspace       used 2146K, capacity 5080K, committed 5120K, reserved 1056768K
  class space    used 183K, capacity 478K, committed 512K, reserved 1048576K
}
Event: 21.570 GC heap after
{Heap after GC invocations=16 (full 0):
 garbage-first heap   total 153600K, used 122348K [0x0000000081c00000, 0x0000000100000000)
  region size 1024K, 1 young (1024K), 1 survivors (1024K)
 Metaspace       used 2146K, capacity 5080K, committed 5120K, reserved 1056768K
  class space    used 183K, capacity 478K, committed 512K, reserved 1048576K
}
Event: 21.580 GC heap before
{Heap before GC invocations=16 (full 0):
 garbage-first heap   total 153600K, used 131564K [0x0000000081c00000, 0x0000000100000000)
  region size 1024K, 10 young (10240K), 1 survivors (1024K)
 Metaspace       used 2149K, capacity 5080K, committed 5120K, reserved 1056768K
  class space    used 183K, capacity 478K, committed 512K, reserved 1048576K
}
Event: 21.580 GC heap after
{Heap after GC invocations=17 (full 0):
 garbage-first heap   total 153600K, used 122351K [0x0000000081c00000, 0x0000000100000000)
  region size 1024K, 1 young (1024K), 1 survivors (1024K)
 Metaspace       used 2149K, capacity 5080K, committed 5120K, reserved 1056768K
  class space    used 183K, capacity 478K, committed 512K, reserved 1048576K
}
Event: 21.586 GC heap before
{Heap before GC invocations=17 (full 0):
 garbage-first heap   total 153600K, used 131567K [0x0000000081c00000, 0x0000000100000000)
  region size 1024K, 10 young (10240K), 1 survivors (1024K)
 Metaspace       used 2149K, capacity 5080K, committed 5120K, reserved 1056768K
  class space    used 183K, capacity 478K, committed 512K, reserved 1048576K
}
Event: 21.586 GC heap after
{Heap after GC invocations=18 (full 0):
 garbage-first heap   total 153600K, used 122353K [0x0000000081c00000, 0x0000000100000000)
  region size 1024K, 1 young (1024K), 1 survivors (1024K)
 Metaspace       used 2149K, capacity 5080K, committed 5120K, reserved 1056768K
  class space    used 183K, capacity 478K, committed 512K, reserved 1048576K
}
Event: 21.594 GC heap before
{Heap before GC invocations=19 (full 0):
 garbage-first heap   total 153600K, used 131569K [0x0000000081c00000, 0x0000000100000000)
  region size 1024K, 11 young (11264K), 1 survivors (1024K)
 Metaspace       used 2149K, capacity 5080K, committed 5120K, reserved 1056768K
  class space    used 183K, capacity 478K, committed 512K, reserved 1048576K
}
Event: 21.596 GC heap after
{Heap after GC invocations=20 (full 0):
 garbage-first heap   total 184320K, used 122370K [0x0000000081c00000, 0x0000000100000000)
  region size 1024K, 1 young (1024K), 1 survivors (1024K)
 Metaspace       used 2149K, capacity 5080K, committed 5120K, reserved 1056768K
  class space    used 183K, capacity 478K, committed 512K, reserved 1048576K
}
Event: 21.630 GC heap before
{Heap before GC invocations=20 (full 0):
 garbage-first heap   total 184320K, used 148994K [0x0000000081c00000, 0x0000000100000000)
  region size 1024K, 27 young (27648K), 1 survivors (1024K)
 Metaspace       used 2157K, capacity 5080K, committed 5120K, reserved 1056768K
  class space    used 183K, capacity 478K, committed 512K, reserved 1048576K
}
Event: 21.631 GC heap after
{Heap after GC invocations=21 (full 0):
 garbage-first heap   total 184320K, used 122353K [0x0000000081c00000, 0x0000000100000000)
  region size 1024K, 1 young (1024K), 1 survivors (1024K)
 Metaspace       used 2157K, capacity 5080K, committed 5120K, reserved 1056768K
  class space    used 183K, capacity 478K, committed 512K, reserved 1048576K
}
Event: 21.653 GC heap before
{Heap before GC invocations=22 (full 0):
 garbage-first heap   total 184320K, used 151025K [0x0000000081c00000, 0x0000000100000000)
  region size 1024K, 29 young (29696K), 1 survivors (1024K)
 Metaspace       used 2158K, capacity 5080K, committed 5120K, reserved 1056768K
  class space    used 183K, capacity 478K, committed 512K, reserved 1048576K
}
Event: 21.653 GC heap after
{Heap after GC invocations=23 (full 0):
 garbage-first heap   total 184320K, used 122351K [0x0000000081c00000, 0x0000000100000000)
  region size 1024K, 1 young (1024K), 1 survivors (1024K)
 Metaspace       used 2158K, capacity 5080K, committed 5120K, reserved 1056768K
  class space    used 183K, capacity 478K, committed 512K, reserved 1048576K
}
Event: 21.672 GC heap before
{Heap before GC invocations=23 (full 0):
 garbage-first heap   total 184320K, used 153071K [0x0000000081c00000, 0x0000000100000000)
  region size 1024K, 31 young (31744K), 1 survivors (1024K)
 Metaspace       used 2163K, capacity 5080K, committed 5120K, reserved 1056768K
  class space    used 183K, capacity 478K, committed 512K, reserved 1048576K
}
Event: 21.673 GC heap after
{Heap after GC invocations=24 (full 0):
 garbage-first heap   total 184320K, used 122351K [0x0000000081c00000, 0x0000000100000000)
  region size 1024K, 1 young (1024K), 1 survivors (1024K)
 Metaspace       used 2163K, capacity 5080K, committed 5120K, reserved 1056768K
  class space    used 183K, capacity 478K, committed 512K, reserved 1048576K
}
Event: 21.695 GC heap before
{Heap before GC invocations=25 (full 0):
 garbage-first heap   total 184320K, used 154095K [0x0000000081c00000, 0x0000000100000000)
  region size 1024K, 32 young (32768K), 1 survivors (1024K)
 Metaspace       used 2163K, capacity 5080K, committed 5120K, reserved 1056768K
  class space    used 183K, capacity 478K, committed 512K, reserved 1048576K
}

